2018-04-23 16:59:47,384 INFO    : This is information.
2018-04-23 16:59:47,384 WARNING : This is warning message.
2018-04-23 16:59:47,384 ERROR   : This is error message.
2018-04-23 16:59:47,384 CRITICAL: this is fatal message, it is same as logger.critical.
2018-04-23 16:59:47,384 CRITICAL: this is critical message.
2018-04-23 16:59:47,384 INFO    : ***************************************************
2018-04-23 16:59:47,384 INFO    : ******************** Auto Test Start **************
2018-04-23 16:59:47,384 INFO    : ***************************************************
2018-04-23 16:59:47,494 INFO    : Start OM Center Service...
2018-04-23 16:59:47,494 INFO    : ***************************************************
2018-04-23 16:59:47,494 INFO    : ******************** Auto Test Finish *************
2018-04-23 16:59:47,494 INFO    : ***************************************************
2018-04-23 17:07:53,352 INFO    : ***************************************************
2018-04-23 17:07:53,352 INFO    : ******************** Auto Test Start **************
2018-04-23 17:07:53,352 INFO    : ***************************************************
2018-04-23 17:07:53,461 INFO    : OM Center Status : None
2018-04-23 17:07:53,461 INFO    : Start OM Center Service...
2018-04-23 17:07:53,461 INFO    : ***************************************************
2018-04-23 17:07:53,461 INFO    : ******************** Auto Test Finish *************
2018-04-23 17:07:53,461 INFO    : ***************************************************
